TN:
SF:script/deployCollateralPolicy.s.sol
FN:9,MultiOracleDeployScript.setUp
FNDA:0,MultiOracleDeployScript.setUp
FN:11,MultiOracleDeployScript.run
FNDA:0,MultiOracleDeployScript.run
DA:12,0
DA:14,0
DA:15,0
DA:16,0
FNF:2
FNH:0
LF:4
LH:0
BRF:0
BRH:0
end_of_record
TN:
SF:script/deployLocal.s.sol
FN:31,LocalDeployScript.setUp
FNDA:0,LocalDeployScript.setUp
FN:33,LocalDeployScript.run
FNDA:0,LocalDeployScript.run
DA:34,0
DA:36,0
DA:38,0
DA:40,0
DA:42,0
DA:55,0
DA:56,0
DA:58,0
DA:59,0
DA:62,0
DA:63,0
DA:64,0
DA:65,0
FNF:2
FNH:0
LF:13
LH:0
BRF:0
BRH:0
end_of_record
TN:
SF:script/deployMultiOracle.s.sol
FN:9,MultiOracleDeployScript.setUp
FNDA:0,MultiOracleDeployScript.setUp
FN:11,MultiOracleDeployScript.run
FNDA:0,MultiOracleDeployScript.run
DA:13,0
DA:15,0
DA:17,0
DA:18,0
DA:20,0
DA:21,0
DA:23,0
DA:24,0
DA:25,0
FNF:2
FNH:0
LF:9
LH:0
BRF:0
BRH:0
end_of_record
TN:
SF:src/BankVault.sol
FN:23,BankVault.totalDAI
FNDA:12,BankVault.totalDAI
DA:24,12
FN:27,BankVault.transferDAI
FNDA:6,BankVault.transferDAI
DA:29,6
DA:30,6
FNF:2
FNH:2
LF:3
LH:3
BRF:0
BRH:0
end_of_record
TN:
SF:src/CollateralPolicy.sol
FN:49,CollateralPolicy.updateAndGet
FNDA:216,CollateralPolicy.updateAndGet
DA:50,216
DA:53,216
BRDA:53,0,0,7
BRDA:53,0,1,209
DA:54,7
DA:57,209
DA:60,209
DA:63,209
BRDA:63,1,0,100
BRDA:63,1,1,-
DA:65,100
DA:66,100
DA:69,100
DA:70,109
BRDA:70,2,0,101
BRDA:70,2,1,-
DA:72,101
DA:73,101
DA:76,101
DA:80,209
FNF:1
FNH:1
LF:14
LH:14
BRF:6
BRH:4
end_of_record
TN:
SF:src/MultiOracle.sol
FN:47,MultiOracle.daiPrice
FNDA:16,MultiOracle.daiPrice
DA:48,230
DA:49,230
BRDA:49,0,0,2
BRDA:49,0,1,228
DA:50,228
BRDA:50,1,0,1
BRDA:50,1,1,227
DA:51,227
BRDA:51,2,0,1
BRDA:51,2,1,226
DA:53,226
FN:58,MultiOracle.maticPrice
FNDA:0,MultiOracle.maticPrice
DA:59,10
DA:60,10
BRDA:60,3,0,-
BRDA:60,3,1,10
DA:61,10
BRDA:61,4,0,-
BRDA:61,4,1,10
DA:62,10
BRDA:62,5,0,-
BRDA:62,5,1,10
DA:64,10
FN:69,MultiOracle.cookiePrice
FNDA:9,MultiOracle.cookiePrice
DA:71,9
DA:74,9
FN:79,MultiOracle.susdPrice
FNDA:212,MultiOracle.susdPrice
DA:81,212
DA:84,212
FN:88,MultiOracle.info
FNDA:2,MultiOracle.info
DA:89,2
DA:92,1
DA:94,1
FNF:5
FNH:4
LF:17
LH:17
BRF:12
BRH:9
end_of_record
TN:
SF:src/OracleTWAP.sol
FN:50,TWAPOracleSimple.update
FNDA:0,TWAPOracleSimple.update
DA:52,0
DA:53,0
DA:54,0
DA:56,0
BRDA:56,0,0,-
BRDA:56,0,1,-
DA:57,0
DA:65,0
DA:66,0
DA:68,0
DA:69,0
DA:70,0
FN:74,TWAPOracleSimple.consult
FNDA:0,TWAPOracleSimple.consult
DA:75,0
BRDA:75,1,0,-
BRDA:75,1,1,-
DA:76,0
DA:78,0
BRDA:78,2,0,-
BRDA:78,2,1,-
DA:79,0
FNF:2
FNH:0
LF:14
LH:0
BRF:6
BRH:0
end_of_record
TN:
SF:src/SugarBank.sol
FN:183,SugarBank.setCollateralPolicy
FNDA:0,SugarBank.setCollateralPolicy
DA:184,0
BRDA:184,0,0,-
BRDA:184,0,1,-
DA:185,0
DA:186,0
FN:190,SugarBank.setOracle
FNDA:0,SugarBank.setOracle
DA:191,0
BRDA:191,1,0,-
BRDA:191,1,1,-
DA:192,0
DA:193,0
FN:197,SugarBank.updateBurnMintFees
FNDA:0,SugarBank.updateBurnMintFees
DA:198,0
BRDA:198,2,0,-
BRDA:198,2,1,-
DA:199,0
DA:200,0
DA:201,0
FN:206,SugarBank.addMigration
FNDA:4,SugarBank.addMigration
DA:207,2
DA:210,2
FN:213,SugarBank.execMigration
FNDA:7,SugarBank.execMigration
DA:214,7
DA:215,7
BRDA:215,3,0,1
BRDA:215,3,1,6
DA:216,6
BRDA:216,4,0,4
BRDA:216,4,1,2
DA:218,2
DA:219,2
DA:220,2
FN:225,SugarBank.mintZap
FNDA:5,SugarBank.mintZap
DA:227,5
DA:229,5
DA:231,5
BRDA:231,5,0,4
BRDA:231,5,1,1
DA:232,4
DA:233,3
DA:236,1
DA:238,1
DA:239,1
DA:241,1
FN:245,SugarBank.mint
FNDA:2,SugarBank.mint
DA:246,7
DA:248,7
DA:249,7
BRDA:249,6,0,-
BRDA:249,6,1,7
DA:251,7
DA:253,7
DA:255,7
DA:257,7
BRDA:257,7,0,-
BRDA:257,7,1,5
DA:264,5
DA:267,5
DA:269,5
BRDA:269,8,0,1
BRDA:269,8,1,5
DA:270,1
DA:271,1
DA:274,5
BRDA:274,9,0,-
BRDA:274,9,1,5
DA:276,5
DA:278,2
DA:279,2
DA:280,2
DA:282,2
DA:284,2
BRDA:284,10,0,-
BRDA:284,10,1,2
DA:285,0
DA:288,2
DA:289,2
DA:291,2
BRDA:291,11,0,-
BRDA:291,11,1,2
DA:292,2
DA:294,2
BRDA:294,12,0,-
BRDA:294,12,1,2
DA:295,2
DA:299,7
BRDA:299,13,0,1
BRDA:299,13,1,6
DA:301,7
BRDA:301,14,0,1
BRDA:301,14,1,6
DA:303,6
DA:304,6
DA:307,6
DA:311,6
FN:314,SugarBank.claim
FNDA:8,SugarBank.claim
DA:315,8
DA:316,8
BRDA:316,15,0,1
BRDA:316,15,1,7
DA:317,7
BRDA:317,16,0,3
BRDA:317,16,1,4
DA:319,4
DA:320,4
DA:321,4
DA:322,4
DA:324,4
DA:326,4
FN:330,SugarBank.redeem
FNDA:4,SugarBank.redeem
DA:331,4
BRDA:331,17,0,-
BRDA:331,17,1,4
DA:332,4
DA:334,4
DA:335,4
BRDA:335,18,0,-
BRDA:335,18,1,4
DA:337,4
BRDA:337,19,0,1
BRDA:337,19,1,4
DA:338,1
DA:342,4
DA:347,4
DA:349,4
DA:352,4
DA:354,4
DA:357,4
DA:360,4
DA:363,4
DA:365,4
BRDA:365,20,0,-
BRDA:365,20,1,4
DA:366,4
DA:368,4
BRDA:368,21,0,-
BRDA:368,21,1,3
DA:369,3
DA:371,3
BRDA:371,22,0,-
BRDA:371,22,1,3
DA:372,0
DA:375,3
DA:376,3
DA:377,3
DA:378,3
DA:380,1
DA:383,4
FN:387,SugarBank.update
FNDA:1,SugarBank.update
DA:388,1
FN:393,SugarBank._update
FNDA:12,SugarBank._update
DA:394,12
BRDA:394,23,0,-
BRDA:394,23,1,4
DA:395,4
DA:396,4
DA:397,4
DA:398,4
DA:399,4
DA:400,4
FN:409,SugarBank.getECR
FNDA:3,SugarBank.getECR
DA:410,7
DA:411,7
DA:412,7
BRDA:412,24,0,2
BRDA:412,24,1,5
DA:413,2
DA:416,5
FN:420,SugarBank.maxMint
FNDA:2,SugarBank.maxMint
DA:421,2
BRDA:421,25,0,-
BRDA:421,25,1,1
DA:422,1
DA:423,1
DA:425,1
FN:429,SugarBank.maxBurn
FNDA:2,SugarBank.maxBurn
DA:430,2
BRDA:430,26,0,-
BRDA:430,26,1,1
DA:431,1
DA:432,1
DA:434,1
FNF:14
FNH:11
LF:115
LH:103
BRF:54
BRH:34
end_of_record
TN:
SF:src/SugarDollar.sol
FN:25,SugarDollar.mint
FNDA:2,SugarDollar.mint
DA:26,1
FNF:1
FNH:1
LF:1
LH:1
BRF:0
BRH:0
end_of_record
TN:
SF:src/mocks/ChainlinkMock.sol
FN:12,ChainlinkMock.mockData
FNDA:6,ChainlinkMock.mockData
DA:15,6
DA:16,6
DA:17,6
DA:18,6
DA:19,6
FN:22,ChainlinkMock.latestRoundData
FNDA:240,ChainlinkMock.latestRoundData
DA:23,240
FNF:2
FNH:2
LF:6
LH:6
BRF:0
BRH:0
end_of_record
TN:
SF:src/mocks/GameMock.sol
FN:13,GameMock.sugarBankMint
FNDA:5,GameMock.sugarBankMint
DA:14,5
FNF:1
FNH:1
LF:1
LH:1
BRF:0
BRH:0
end_of_record
TN:
SF:src/mocks/OracleMock.sol
FN:8,OracleMock.mockprice
FNDA:265,OracleMock.mockprice
DA:9,265
FN:12,OracleMock.update
FNDA:211,OracleMock.update
FN:14,OracleMock.consult
FNDA:982,OracleMock.consult
DA:16,982
FNF:3
FNH:3
LF:2
LH:2
BRF:0
BRH:0
end_of_record
TN:
SF:src/mocks/TokenMock.sol
FN:21,TokenMock.burn
FNDA:1,TokenMock.burn
DA:22,1
FN:25,TokenMock.burnFrom
FNDA:6,TokenMock.burnFrom
DA:26,6
FN:29,TokenMock.mint
FNDA:16,TokenMock.mint
DA:30,16
FNF:3
FNH:3
LF:3
LH:3
BRF:0
BRH:0
end_of_record
TN:
SF:src/mocks/uniswap/src/ZuniswapV2Factory.sol
FN:17,ZuniswapV2Factory.createPair
FNDA:0,ZuniswapV2Factory.createPair
DA:18,0
BRDA:18,0,0,-
BRDA:18,0,1,-
DA:20,0
DA:22,0
BRDA:22,1,0,-
BRDA:22,1,1,-
DA:24,0
BRDA:24,2,0,-
BRDA:24,2,1,-
DA:26,0
DA:27,0
DA:29,0
DA:32,0
DA:34,0
DA:35,0
DA:36,0
DA:38,0
FN:41,ZuniswapV2Factory.getPair
FNDA:8,ZuniswapV2Factory.getPair
DA:42,8
DA:43,8
FNF:2
FNH:1
LF:14
LH:2
BRF:6
BRH:0
end_of_record
TN:
SF:src/mocks/uniswap/src/ZuniswapV2Library.sol
FN:15,ZuniswapV2Library.getReserves
FNDA:0,ZuniswapV2Library.getReserves
DA:19,2
DA:21,2
DA:22,2
DA:23,2
FN:26,ZuniswapV2Library.quote
FNDA:0,ZuniswapV2Library.quote
DA:27,0
BRDA:27,0,0,-
BRDA:27,0,1,-
DA:28,0
BRDA:28,1,0,-
BRDA:28,1,1,-
DA:30,0
FN:33,ZuniswapV2Library.sortTokens
FNDA:12,ZuniswapV2Library.sortTokens
DA:34,12
FN:37,ZuniswapV2Library.pairFor
FNDA:8,ZuniswapV2Library.pairFor
DA:42,8
DA:43,8
FN:62,ZuniswapV2Library.getAmountOut
FNDA:0,ZuniswapV2Library.getAmountOut
DA:63,2
BRDA:63,2,0,-
BRDA:63,2,1,2
DA:64,2
BRDA:64,3,0,-
BRDA:64,3,1,2
DA:66,2
DA:67,2
DA:68,2
DA:70,2
FN:73,ZuniswapV2Library.getAmountsOut
FNDA:1,ZuniswapV2Library.getAmountsOut
DA:77,1
BRDA:77,4,0,-
BRDA:77,4,1,1
DA:78,1
DA:79,1
DA:81,1
DA:82,2
DA:83,2
DA:86,1
FN:89,ZuniswapV2Library.getAmountIn
FNDA:0,ZuniswapV2Library.getAmountIn
DA:90,0
BRDA:90,5,0,-
BRDA:90,5,1,-
DA:91,0
BRDA:91,6,0,-
BRDA:91,6,1,-
DA:93,0
DA:94,0
DA:96,0
FN:99,ZuniswapV2Library.getAmountsIn
FNDA:0,ZuniswapV2Library.getAmountsIn
DA:103,0
BRDA:103,7,0,-
BRDA:103,7,1,-
DA:104,0
DA:105,0
DA:107,0
DA:108,0
DA:109,0
DA:112,0
FNF:8
FNH:3
LF:35
LH:20
BRF:16
BRH:3
end_of_record
TN:
SF:src/mocks/uniswap/src/ZuniswapV2Pair.sol
FN:58,ZuniswapV2Pair.initialize
FNDA:0,ZuniswapV2Pair.initialize
DA:59,0
BRDA:59,0,0,-
BRDA:59,0,1,-
DA:60,0
DA:63,0
DA:64,0
FN:67,ZuniswapV2Pair.mint
FNDA:0,ZuniswapV2Pair.mint
DA:68,0
DA:69,0
DA:70,0
DA:71,0
DA:72,0
DA:74,0
BRDA:74,1,0,-
BRDA:74,1,1,-
DA:75,0
DA:76,0
DA:78,0
DA:81,0
BRDA:81,2,0,-
BRDA:81,2,1,-
DA:83,0
DA:85,0
DA:87,0
FN:90,ZuniswapV2Pair.burn
FNDA:0,ZuniswapV2Pair.burn
DA:91,0
DA:92,0
DA:93,0
DA:95,0
DA:96,0
DA:98,0
BRDA:98,3,0,-
BRDA:98,3,1,-
DA:100,0
DA:102,0
DA:103,0
DA:105,0
DA:106,0
DA:108,0
DA:109,0
DA:111,0
FN:114,ZuniswapV2Pair.swap
FNDA:2,ZuniswapV2Pair.swap
DA:115,2
BRDA:115,4,0,-
BRDA:115,4,1,2
DA:116,0
DA:119,2
DA:121,2
BRDA:121,5,0,-
BRDA:121,5,1,2
DA:122,0
DA:125,2
BRDA:125,6,0,2
BRDA:125,6,1,2
DA:126,2
BRDA:126,7,0,-
BRDA:126,7,1,2
DA:127,2
BRDA:127,8,0,-
BRDA:127,8,1,-
DA:128,0
DA:131,2
DA:132,2
DA:134,2
DA:135,2
DA:137,2
BRDA:137,9,0,-
BRDA:137,9,1,2
DA:140,2
DA:141,2
DA:143,2
BRDA:143,10,0,-
BRDA:143,10,1,2
DA:144,0
DA:147,2
DA:149,2
FN:152,ZuniswapV2Pair.sync
FNDA:0,ZuniswapV2Pair.sync
DA:153,0
DA:154,0
FN:157,ZuniswapV2Pair.getReserves
FNDA:12,ZuniswapV2Pair.getReserves
DA:158,14
FN:168,ZuniswapV2Pair._update
FNDA:2,ZuniswapV2Pair._update
DA:169,2
BRDA:169,11,0,-
BRDA:169,11,1,2
DA:170,0
DA:174,2
DA:176,2
BRDA:176,12,0,2
BRDA:176,12,1,2
DA:177,2
DA:178,2
DA:182,2
DA:183,2
DA:184,2
DA:186,2
FN:189,ZuniswapV2Pair._safeTransfer
FNDA:2,ZuniswapV2Pair._safeTransfer
DA:190,2
DA:191,2
BRDA:191,13,0,-
BRDA:191,13,1,2
DA:192,0
FNF:8
FNH:4
LF:67
LH:28
BRF:28
BRH:11
end_of_record
TN:
SF:src/mocks/uniswap/src/ZuniswapV2Router.sol
FN:25,ZuniswapV2Router.addLiquidity
FNDA:0,ZuniswapV2Router.addLiquidity
DA:35,0
FN:38,ZuniswapV2Router.addLiquidity
FNDA:0,ZuniswapV2Router.addLiquidity
DA:47,0
BRDA:47,0,0,-
BRDA:47,0,1,-
DA:48,0
DA:51,0
DA:52,0
DA:53,0
DA:54,0
DA:55,0
FN:58,ZuniswapV2Router.removeLiquidity
FNDA:0,ZuniswapV2Router.removeLiquidity
DA:66,0
DA:67,0
DA:68,0
DA:69,0
BRDA:69,1,0,-
BRDA:69,1,1,-
DA:70,0
BRDA:70,2,0,-
BRDA:70,2,1,-
FN:73,ZuniswapV2Router.swapExactTokensForTokens
FNDA:1,ZuniswapV2Router.swapExactTokensForTokens
DA:80,1
FN:83,ZuniswapV2Router.swapExactTokensForTokens
FNDA:0,ZuniswapV2Router.swapExactTokensForTokens
DA:87,1
DA:88,1
BRDA:88,3,0,-
BRDA:88,3,1,1
DA:89,0
DA:91,1
DA:94,1
FN:97,ZuniswapV2Router.swapTokensForExactTokens
FNDA:0,ZuniswapV2Router.swapTokensForExactTokens
DA:101,0
DA:102,0
BRDA:102,4,0,-
BRDA:102,4,1,-
DA:103,0
DA:105,0
DA:108,0
FN:118,ZuniswapV2Router._swap
FNDA:1,ZuniswapV2Router._swap
DA:119,1
DA:120,2
DA:121,2
DA:122,2
DA:123,2
DA:124,2
DA:125,2
DA:126,2
FN:132,ZuniswapV2Router._calculateLiquidity
FNDA:0,ZuniswapV2Router._calculateLiquidity
DA:140,0
DA:142,0
BRDA:142,5,0,-
BRDA:142,5,1,-
DA:143,0
DA:145,0
DA:146,0
BRDA:146,6,0,-
BRDA:146,6,1,-
DA:147,0
BRDA:147,7,0,-
BRDA:147,7,1,-
DA:148,0
DA:150,0
DA:151,0
BRDA:151,8,0,-
BRDA:151,8,1,-
DA:153,0
BRDA:153,9,0,-
BRDA:153,9,1,-
DA:154,0
FN:159,ZuniswapV2Router._safeTransferFrom
FNDA:1,ZuniswapV2Router._safeTransferFrom
DA:160,1
DA:161,1
DA:162,1
BRDA:162,10,0,-
BRDA:162,10,1,1
DA:163,0
FNF:9
FNH:3
LF:47
LH:16
BRF:22
BRH:2
end_of_record
TN:
SF:src/mocks/uniswap/src/libraries/Math.sol
FN:5,Math.min
FNDA:0,Math.min
DA:6,0
FN:10,Math.sqrt
FNDA:0,Math.sqrt
DA:11,0
BRDA:11,0,0,-
BRDA:11,0,1,-
DA:12,0
DA:13,0
DA:14,0
DA:15,0
DA:16,0
DA:18,0
BRDA:18,1,0,-
BRDA:18,1,1,-
DA:19,0
FNF:2
FNH:0
LF:9
LH:0
BRF:4
BRH:0
end_of_record
TN:
SF:src/mocks/uniswap/src/libraries/UQ112x112.sol
FN:7,UQ112x112.encode
FNDA:0,UQ112x112.encode
DA:8,0
FN:11,UQ112x112.uqdiv
FNDA:0,UQ112x112.uqdiv
DA:12,0
FNF:2
FNH:0
LF:2
LH:0
BRF:0
BRH:0
end_of_record
TN:
SF:test/utils/UnisetupTest.sol
FN:54,UnisetupTest.deployFactory
FNDA:0,UnisetupTest.deployFactory
DA:55,0
BRDA:55,0,0,-
BRDA:55,0,1,-
DA:57,0
DA:61,0
FN:72,UnisetupTest.createPairs
FNDA:0,UnisetupTest.createPairs
DA:73,0
DA:74,0
DA:75,0
DA:76,0
DA:78,0
DA:79,0
DA:81,0
DA:92,0
DA:93,0
DA:94,0
DA:98,0
DA:99,0
DA:101,0
DA:112,0
DA:113,0
DA:115,0
FN:129,UnisetupTest.setUp
FNDA:0,UnisetupTest.setUp
DA:131,0
DA:133,0
FNF:3
FNH:0
LF:21
LH:0
BRF:2
BRH:0
end_of_record
